<?xml version="1.0" encoding="UTF-8"?>
<!-- Generated by org.testng.reporters.JUnitXMLReporter -->
<testsuite hostname="babbi" name="FunctTest" tests="2" failures="1" timestamp="27 Feb 2016 05:16:31 GMT" time="0.067" errors="0">
  <testcase name="@BeforeClass initialize" time="0.0" classname="com.test.LoginPageTest">
    <failure type="java.lang.NullPointerException">
      <![CDATA[java.lang.NullPointerException
	at com.page.LoginPage.<init>(LoginPage.java:11)
	at com.test.LoginPageTest.initialize(LoginPageTest.java:18)
... Removed 24 stack frames]]>
    </failure>
  </testcase> <!-- @BeforeClass initialize -->
  <testcase name="testLoginClick" time="0.009" classname="com.test.HomePageTest">
    <failure type="java.lang.NullPointerException">
      <![CDATA[java.lang.NullPointerException
	at com.page.HomePage.clickLogin(HomePage.java:21)
	at com.test.HomePageTest.testLoginClick(HomePageTest.java:22)
... Removed 24 stack frames]]>
    </failure>
  </testcase> <!-- testLoginClick -->
  <testcase name="testInvalidLogin" time="0.0" classname="com.test.LoginPageTest">
    <skipped/>
  </testcase> <!-- testInvalidLogin -->
</testsuite> <!-- FunctTest -->
